Compiling the CXX compiler identification source file "CMakeCXXCompilerId.cpp" failed.
Compiler: /opt/android-ndk-r10d/toolchains/arm-linux-androideabi-4.8/prebuilt/linux-x86_64/bin/arm-linux-androideabi-g++ 
Build flags: -std=c++11;-fPIC
Id flags: 

The output was:
1
/opt/android-ndk-r10d/toolchains/arm-linux-androideabi-4.8/prebuilt/linux-x86_64/bin/../lib/gcc/arm-linux-androideabi/4.8/../../../../arm-linux-androideabi/bin/ld: error: cannot open crtbegin_dynamic.o: No such file or directory
/opt/android-ndk-r10d/toolchains/arm-linux-androideabi-4.8/prebuilt/linux-x86_64/bin/../lib/gcc/arm-linux-androideabi/4.8/../../../../arm-linux-androideabi/bin/ld: error: cannot open crtend_android.o: No such file or directory
/opt/android-ndk-r10d/toolchains/arm-linux-androideabi-4.8/prebuilt/linux-x86_64/bin/../lib/gcc/arm-linux-androideabi/4.8/../../../../arm-linux-androideabi/bin/ld: error: cannot find -lstdc++
/opt/android-ndk-r10d/toolchains/arm-linux-androideabi-4.8/prebuilt/linux-x86_64/bin/../lib/gcc/arm-linux-androideabi/4.8/../../../../arm-linux-androideabi/bin/ld: error: cannot find -lm
/opt/android-ndk-r10d/toolchains/arm-linux-androideabi-4.8/prebuilt/linux-x86_64/bin/../lib/gcc/arm-linux-androideabi/4.8/../../../../arm-linux-androideabi/bin/ld: error: cannot find -lc
/opt/android-ndk-r10d/toolchains/arm-linux-androideabi-4.8/prebuilt/linux-x86_64/bin/../lib/gcc/arm-linux-androideabi/4.8/../../../../arm-linux-androideabi/bin/ld: error: cannot find -ldl
collect2: error: ld returned 1 exit status


Determining if the CXX compiler works failed with the following output:
Change Dir: /home/junlon2006/workspace/amazon/avs_2rd/sdk-folder/sdk-build/CMakeFiles/CMakeTmp

Run Build Command:"/usr/bin/make" "cmTC_e7238/fast"
/usr/bin/make -f CMakeFiles/cmTC_e7238.dir/build.make CMakeFiles/cmTC_e7238.dir/build
make[1]: Entering directory '/media/psf/Home/Desktop/workspace/amazon/avs_2rd/sdk-folder/sdk-build/CMakeFiles/CMakeTmp'
/usr/bin/cmake: /usr/local/lib/libcurl.so.4: no version information available (required by /usr/bin/cmake)
Building CXX object CMakeFiles/cmTC_e7238.dir/testCXXCompiler.cxx.o
/opt/android-ndk-r10d/toolchains/arm-linux-androideabi-4.8/prebuilt/linux-x86_64/bin/arm-linux-androideabi-g++      -o CMakeFiles/cmTC_e7238.dir/testCXXCompiler.cxx.o -c /home/junlon2006/workspace/amazon/avs_2rd/sdk-folder/sdk-build/CMakeFiles/CMakeTmp/testCXXCompiler.cxx
/usr/bin/cmake: /usr/local/lib/libcurl.so.4: no version information available (required by /usr/bin/cmake)
Linking CXX executable cmTC_e7238
/usr/bin/cmake -E cmake_link_script CMakeFiles/cmTC_e7238.dir/link.txt --verbose=1
/usr/bin/cmake: /usr/local/lib/libcurl.so.4: no version information available (required by /usr/bin/cmake)
/opt/android-ndk-r10d/toolchains/arm-linux-androideabi-4.8/prebuilt/linux-x86_64/bin/arm-linux-androideabi-g++        CMakeFiles/cmTC_e7238.dir/testCXXCompiler.cxx.o  -o cmTC_e7238 -rdynamic 
/opt/android-ndk-r10d/toolchains/arm-linux-androideabi-4.8/prebuilt/linux-x86_64/bin/../lib/gcc/arm-linux-androideabi/4.8/../../../../arm-linux-androideabi/bin/ld: error: cannot open crtbegin_dynamic.o: No such file or directory
/opt/android-ndk-r10d/toolchains/arm-linux-androideabi-4.8/prebuilt/linux-x86_64/bin/../lib/gcc/arm-linux-androideabi/4.8/../../../../arm-linux-androideabi/bin/ld: error: cannot open crtend_android.o: No such file or directory
/opt/android-ndk-r10d/toolchains/arm-linux-androideabi-4.8/prebuilt/linux-x86_64/bin/../lib/gcc/arm-linux-androideabi/4.8/../../../../arm-linux-androideabi/bin/ld: error: cannot find -lstdc++
/opt/android-ndk-r10d/toolchains/arm-linux-androideabi-4.8/prebuilt/linux-x86_64/bin/../lib/gcc/arm-linux-androideabi/4.8/../../../../arm-linux-androideabi/bin/ld: error: cannot find -lm
/opt/android-ndk-r10d/toolchains/arm-linux-androideabi-4.8/prebuilt/linux-x86_64/bin/../lib/gcc/arm-linux-androideabi/4.8/../../../../arm-linux-androideabi/bin/ld: error: cannot find -lc
/opt/android-ndk-r10d/toolchains/arm-linux-androideabi-4.8/prebuilt/linux-x86_64/bin/../lib/gcc/arm-linux-androideabi/4.8/../../../../arm-linux-androideabi/bin/ld: error: cannot find -ldl
collect2: error: ld returned 1 exit status
CMakeFiles/cmTC_e7238.dir/build.make:97: recipe for target 'cmTC_e7238' failed
make[1]: *** [cmTC_e7238] Error 1
make[1]: Leaving directory '/media/psf/Home/Desktop/workspace/amazon/avs_2rd/sdk-folder/sdk-build/CMakeFiles/CMakeTmp'
Makefile:126: recipe for target 'cmTC_e7238/fast' failed
make: *** [cmTC_e7238/fast] Error 2


Compiling the CXX compiler identification source file "CMakeCXXCompilerId.cpp" failed.
Compiler: /opt/android-ndk-r10d/toolchains/arm-linux-androideabi-4.8/prebuilt/linux-x86_64/bin/arm-linux-androideabi-g++ 
Build flags: -std=c++11;-fPIC
Id flags: 

The output was:
1
/opt/android-ndk-r10d/toolchains/arm-linux-androideabi-4.8/prebuilt/linux-x86_64/bin/../lib/gcc/arm-linux-androideabi/4.8/../../../../arm-linux-androideabi/bin/ld: error: cannot open crtbegin_dynamic.o: No such file or directory
/opt/android-ndk-r10d/toolchains/arm-linux-androideabi-4.8/prebuilt/linux-x86_64/bin/../lib/gcc/arm-linux-androideabi/4.8/../../../../arm-linux-androideabi/bin/ld: error: cannot open crtend_android.o: No such file or directory
/opt/android-ndk-r10d/toolchains/arm-linux-androideabi-4.8/prebuilt/linux-x86_64/bin/../lib/gcc/arm-linux-androideabi/4.8/../../../../arm-linux-androideabi/bin/ld: error: cannot find -lstdc++
/opt/android-ndk-r10d/toolchains/arm-linux-androideabi-4.8/prebuilt/linux-x86_64/bin/../lib/gcc/arm-linux-androideabi/4.8/../../../../arm-linux-androideabi/bin/ld: error: cannot find -lm
/opt/android-ndk-r10d/toolchains/arm-linux-androideabi-4.8/prebuilt/linux-x86_64/bin/../lib/gcc/arm-linux-androideabi/4.8/../../../../arm-linux-androideabi/bin/ld: error: cannot find -lc
/opt/android-ndk-r10d/toolchains/arm-linux-androideabi-4.8/prebuilt/linux-x86_64/bin/../lib/gcc/arm-linux-androideabi/4.8/../../../../arm-linux-androideabi/bin/ld: error: cannot find -ldl
collect2: error: ld returned 1 exit status


Determining if the CXX compiler works failed with the following output:
Change Dir: /home/junlon2006/workspace/amazon/avs_2rd/sdk-folder/sdk-build/CMakeFiles/CMakeTmp

Run Build Command:"/usr/bin/make" "cmTC_aa3da/fast"
/usr/bin/make -f CMakeFiles/cmTC_aa3da.dir/build.make CMakeFiles/cmTC_aa3da.dir/build
make[1]: Entering directory '/media/psf/Home/Desktop/workspace/amazon/avs_2rd/sdk-folder/sdk-build/CMakeFiles/CMakeTmp'
/usr/bin/cmake: /usr/local/lib/libcurl.so.4: no version information available (required by /usr/bin/cmake)
Building CXX object CMakeFiles/cmTC_aa3da.dir/testCXXCompiler.cxx.o
/opt/android-ndk-r10d/toolchains/arm-linux-androideabi-4.8/prebuilt/linux-x86_64/bin/arm-linux-androideabi-g++     -std=c++11 -fPIC    -o CMakeFiles/cmTC_aa3da.dir/testCXXCompiler.cxx.o -c /home/junlon2006/workspace/amazon/avs_2rd/sdk-folder/sdk-build/CMakeFiles/CMakeTmp/testCXXCompiler.cxx
/usr/bin/cmake: /usr/local/lib/libcurl.so.4: no version information available (required by /usr/bin/cmake)
Linking CXX executable cmTC_aa3da
/usr/bin/cmake -E cmake_link_script CMakeFiles/cmTC_aa3da.dir/link.txt --verbose=1
/usr/bin/cmake: /usr/local/lib/libcurl.so.4: no version information available (required by /usr/bin/cmake)
/opt/android-ndk-r10d/toolchains/arm-linux-androideabi-4.8/prebuilt/linux-x86_64/bin/arm-linux-androideabi-g++   -std=c++11 -fPIC     CMakeFiles/cmTC_aa3da.dir/testCXXCompiler.cxx.o  -o cmTC_aa3da -rdynamic 
/opt/android-ndk-r10d/toolchains/arm-linux-androideabi-4.8/prebuilt/linux-x86_64/bin/../lib/gcc/arm-linux-androideabi/4.8/../../../../arm-linux-androideabi/bin/ld: error: cannot open crtbegin_dynamic.o: No such file or directory
/opt/android-ndk-r10d/toolchains/arm-linux-androideabi-4.8/prebuilt/linux-x86_64/bin/../lib/gcc/arm-linux-androideabi/4.8/../../../../arm-linux-androideabi/bin/ld: error: cannot open crtend_android.o: No such file or directory
/opt/android-ndk-r10d/toolchains/arm-linux-androideabi-4.8/prebuilt/linux-x86_64/bin/../lib/gcc/arm-linux-androideabi/4.8/../../../../arm-linux-androideabi/bin/ld: error: cannot find -lstdc++
/opt/android-ndk-r10d/toolchains/arm-linux-androideabi-4.8/prebuilt/linux-x86_64/bin/../lib/gcc/arm-linux-androideabi/4.8/../../../../arm-linux-androideabi/bin/ld: error: cannot find -lm
/opt/android-ndk-r10d/toolchains/arm-linux-androideabi-4.8/prebuilt/linux-x86_64/bin/../lib/gcc/arm-linux-androideabi/4.8/../../../../arm-linux-androideabi/bin/ld: error: cannot find -lc
/opt/android-ndk-r10d/toolchains/arm-linux-androideabi-4.8/prebuilt/linux-x86_64/bin/../lib/gcc/arm-linux-androideabi/4.8/../../../../arm-linux-androideabi/bin/ld: error: cannot find -ldl
collect2: error: ld returned 1 exit status
CMakeFiles/cmTC_aa3da.dir/build.make:97: recipe for target 'cmTC_aa3da' failed
make[1]: *** [cmTC_aa3da] Error 1
make[1]: Leaving directory '/media/psf/Home/Desktop/workspace/amazon/avs_2rd/sdk-folder/sdk-build/CMakeFiles/CMakeTmp'
Makefile:126: recipe for target 'cmTC_aa3da/fast' failed
make: *** [cmTC_aa3da/fast] Error 2


Compiling the C compiler identification source file "CMakeCCompilerId.c" failed.
Compiler: /opt/android-ndk-r10d/toolchains/arm-linux-androideabi-4.8/prebuilt/linux-x86_64/bin/arm-linux-androideabi-gcc 
Build flags: 
Id flags: 

The output was:
1
/opt/android-ndk-r10d/toolchains/arm-linux-androideabi-4.8/prebuilt/linux-x86_64/bin/../lib/gcc/arm-linux-androideabi/4.8/../../../../arm-linux-androideabi/bin/ld: error: cannot open crtbegin_dynamic.o: No such file or directory
/opt/android-ndk-r10d/toolchains/arm-linux-androideabi-4.8/prebuilt/linux-x86_64/bin/../lib/gcc/arm-linux-androideabi/4.8/../../../../arm-linux-androideabi/bin/ld: error: cannot open crtend_android.o: No such file or directory
/opt/android-ndk-r10d/toolchains/arm-linux-androideabi-4.8/prebuilt/linux-x86_64/bin/../lib/gcc/arm-linux-androideabi/4.8/../../../../arm-linux-androideabi/bin/ld: error: cannot find -lc
/opt/android-ndk-r10d/toolchains/arm-linux-androideabi-4.8/prebuilt/linux-x86_64/bin/../lib/gcc/arm-linux-androideabi/4.8/../../../../arm-linux-androideabi/bin/ld: error: cannot find -ldl
collect2: error: ld returned 1 exit status


Determining if the C compiler works failed with the following output:
Change Dir: /home/junlon2006/workspace/amazon/avs_2rd/sdk-folder/sdk-build/CMakeFiles/CMakeTmp

Run Build Command:"/usr/bin/make" "cmTC_e36ad/fast"
/usr/bin/make -f CMakeFiles/cmTC_e36ad.dir/build.make CMakeFiles/cmTC_e36ad.dir/build
make[1]: Entering directory '/media/psf/Home/Desktop/workspace/amazon/avs_2rd/sdk-folder/sdk-build/CMakeFiles/CMakeTmp'
/usr/bin/cmake: /usr/local/lib/libcurl.so.4: no version information available (required by /usr/bin/cmake)
Building C object CMakeFiles/cmTC_e36ad.dir/testCCompiler.c.o
/opt/android-ndk-r10d/toolchains/arm-linux-androideabi-4.8/prebuilt/linux-x86_64/bin/arm-linux-androideabi-gcc     -o CMakeFiles/cmTC_e36ad.dir/testCCompiler.c.o   -c /home/junlon2006/workspace/amazon/avs_2rd/sdk-folder/sdk-build/CMakeFiles/CMakeTmp/testCCompiler.c
/usr/bin/cmake: /usr/local/lib/libcurl.so.4: no version information available (required by /usr/bin/cmake)
Linking C executable cmTC_e36ad
/usr/bin/cmake -E cmake_link_script CMakeFiles/cmTC_e36ad.dir/link.txt --verbose=1
/usr/bin/cmake: /usr/local/lib/libcurl.so.4: no version information available (required by /usr/bin/cmake)
/opt/android-ndk-r10d/toolchains/arm-linux-androideabi-4.8/prebuilt/linux-x86_64/bin/arm-linux-androideabi-gcc       CMakeFiles/cmTC_e36ad.dir/testCCompiler.c.o  -o cmTC_e36ad -rdynamic 
/opt/android-ndk-r10d/toolchains/arm-linux-androideabi-4.8/prebuilt/linux-x86_64/bin/../lib/gcc/arm-linux-androideabi/4.8/../../../../arm-linux-androideabi/bin/ld: error: cannot open crtbegin_dynamic.o: No such file or directory
/opt/android-ndk-r10d/toolchains/arm-linux-androideabi-4.8/prebuilt/linux-x86_64/bin/../lib/gcc/arm-linux-androideabi/4.8/../../../../arm-linux-androideabi/bin/ld: error: cannot open crtend_android.o: No such file or directory
/opt/android-ndk-r10d/toolchains/arm-linux-androideabi-4.8/prebuilt/linux-x86_64/bin/../lib/gcc/arm-linux-androideabi/4.8/../../../../arm-linux-androideabi/bin/ld: error: cannot find -lc
/opt/android-ndk-r10d/toolchains/arm-linux-androideabi-4.8/prebuilt/linux-x86_64/bin/../lib/gcc/arm-linux-androideabi/4.8/../../../../arm-linux-androideabi/bin/ld: error: cannot find -ldl
collect2: error: ld returned 1 exit status
CMakeFiles/cmTC_e36ad.dir/build.make:97: recipe for target 'cmTC_e36ad' failed
make[1]: *** [cmTC_e36ad] Error 1
make[1]: Leaving directory '/media/psf/Home/Desktop/workspace/amazon/avs_2rd/sdk-folder/sdk-build/CMakeFiles/CMakeTmp'
Makefile:126: recipe for target 'cmTC_e36ad/fast' failed
make: *** [cmTC_e36ad/fast] Error 2


Compiling the C compiler identification source file "CMakeCCompilerId.c" failed.
Compiler: /opt/android-ndk-r10d/toolchains/arm-linux-androideabi-4.8/prebuilt/linux-x86_64/bin/arm-linux-androideabi-gcc 
Build flags: 
Id flags: 

The output was:
1
/opt/android-ndk-r10d/toolchains/arm-linux-androideabi-4.8/prebuilt/linux-x86_64/bin/../lib/gcc/arm-linux-androideabi/4.8/../../../../arm-linux-androideabi/bin/ld: error: cannot open crtbegin_dynamic.o: No such file or directory
/opt/android-ndk-r10d/toolchains/arm-linux-androideabi-4.8/prebuilt/linux-x86_64/bin/../lib/gcc/arm-linux-androideabi/4.8/../../../../arm-linux-androideabi/bin/ld: error: cannot open crtend_android.o: No such file or directory
/opt/android-ndk-r10d/toolchains/arm-linux-androideabi-4.8/prebuilt/linux-x86_64/bin/../lib/gcc/arm-linux-androideabi/4.8/../../../../arm-linux-androideabi/bin/ld: error: cannot find -lc
/opt/android-ndk-r10d/toolchains/arm-linux-androideabi-4.8/prebuilt/linux-x86_64/bin/../lib/gcc/arm-linux-androideabi/4.8/../../../../arm-linux-androideabi/bin/ld: error: cannot find -ldl
collect2: error: ld returned 1 exit status


Determining if the C compiler works failed with the following output:
Change Dir: /home/junlon2006/workspace/amazon/avs_2rd/sdk-folder/sdk-build/CMakeFiles/CMakeTmp

Run Build Command:"/usr/bin/make" "cmTC_d9db6/fast"
/usr/bin/make -f CMakeFiles/cmTC_d9db6.dir/build.make CMakeFiles/cmTC_d9db6.dir/build
make[1]: Entering directory '/media/psf/Home/Desktop/workspace/amazon/avs_2rd/sdk-folder/sdk-build/CMakeFiles/CMakeTmp'
/usr/bin/cmake: /usr/local/lib/libcurl.so.4: no version information available (required by /usr/bin/cmake)
Building C object CMakeFiles/cmTC_d9db6.dir/testCCompiler.c.o
/opt/android-ndk-r10d/toolchains/arm-linux-androideabi-4.8/prebuilt/linux-x86_64/bin/arm-linux-androideabi-gcc     -o CMakeFiles/cmTC_d9db6.dir/testCCompiler.c.o   -c /home/junlon2006/workspace/amazon/avs_2rd/sdk-folder/sdk-build/CMakeFiles/CMakeTmp/testCCompiler.c
/usr/bin/cmake: /usr/local/lib/libcurl.so.4: no version information available (required by /usr/bin/cmake)
Linking C executable cmTC_d9db6
/usr/bin/cmake -E cmake_link_script CMakeFiles/cmTC_d9db6.dir/link.txt --verbose=1
/usr/bin/cmake: /usr/local/lib/libcurl.so.4: no version information available (required by /usr/bin/cmake)
/opt/android-ndk-r10d/toolchains/arm-linux-androideabi-4.8/prebuilt/linux-x86_64/bin/arm-linux-androideabi-gcc       CMakeFiles/cmTC_d9db6.dir/testCCompiler.c.o  -o cmTC_d9db6 -rdynamic 
/opt/android-ndk-r10d/toolchains/arm-linux-androideabi-4.8/prebuilt/linux-x86_64/bin/../lib/gcc/arm-linux-androideabi/4.8/../../../../arm-linux-androideabi/bin/ld: error: cannot open crtbegin_dynamic.o: No such file or directory
/opt/android-ndk-r10d/toolchains/arm-linux-androideabi-4.8/prebuilt/linux-x86_64/bin/../lib/gcc/arm-linux-androideabi/4.8/../../../../arm-linux-androideabi/bin/ld: error: cannot open crtend_android.o: No such file or directory
/opt/android-ndk-r10d/toolchains/arm-linux-androideabi-4.8/prebuilt/linux-x86_64/bin/../lib/gcc/arm-linux-androideabi/4.8/../../../../arm-linux-androideabi/bin/ld: error: cannot find -lc
/opt/android-ndk-r10d/toolchains/arm-linux-androideabi-4.8/prebuilt/linux-x86_64/bin/../lib/gcc/arm-linux-androideabi/4.8/../../../../arm-linux-androideabi/bin/ld: error: cannot find -ldl
collect2: error: ld returned 1 exit status
CMakeFiles/cmTC_d9db6.dir/build.make:97: recipe for target 'cmTC_d9db6' failed
make[1]: *** [cmTC_d9db6] Error 1
make[1]: Leaving directory '/media/psf/Home/Desktop/workspace/amazon/avs_2rd/sdk-folder/sdk-build/CMakeFiles/CMakeTmp'
Makefile:126: recipe for target 'cmTC_d9db6/fast' failed
make: *** [cmTC_d9db6/fast] Error 2


Compiling the C compiler identification source file "CMakeCCompilerId.c" failed.
Compiler: /opt/android-ndk-r10d/toolchains/arm-linux-androideabi-4.8/prebuilt/linux-x86_64/bin/arm-linux-androideabi-gcc 
Build flags: 
Id flags: 

The output was:
1
/opt/android-ndk-r10d/toolchains/arm-linux-androideabi-4.8/prebuilt/linux-x86_64/bin/../lib/gcc/arm-linux-androideabi/4.8/../../../../arm-linux-androideabi/bin/ld: error: cannot open crtbegin_dynamic.o: No such file or directory
/opt/android-ndk-r10d/toolchains/arm-linux-androideabi-4.8/prebuilt/linux-x86_64/bin/../lib/gcc/arm-linux-androideabi/4.8/../../../../arm-linux-androideabi/bin/ld: error: cannot open crtend_android.o: No such file or directory
/opt/android-ndk-r10d/toolchains/arm-linux-androideabi-4.8/prebuilt/linux-x86_64/bin/../lib/gcc/arm-linux-androideabi/4.8/../../../../arm-linux-androideabi/bin/ld: error: cannot find -lc
/opt/android-ndk-r10d/toolchains/arm-linux-androideabi-4.8/prebuilt/linux-x86_64/bin/../lib/gcc/arm-linux-androideabi/4.8/../../../../arm-linux-androideabi/bin/ld: error: cannot find -ldl
collect2: error: ld returned 1 exit status


Determining if the C compiler works failed with the following output:
Change Dir: /home/junlon2006/workspace/amazon/avs_2rd/sdk-folder/sdk-build/CMakeFiles/CMakeTmp

Run Build Command:"/usr/bin/make" "cmTC_1fab6/fast"
/usr/bin/make -f CMakeFiles/cmTC_1fab6.dir/build.make CMakeFiles/cmTC_1fab6.dir/build
make[1]: Entering directory '/media/psf/Home/Desktop/workspace/amazon/avs_2rd/sdk-folder/sdk-build/CMakeFiles/CMakeTmp'
/usr/bin/cmake: /usr/local/lib/libcurl.so.4: no version information available (required by /usr/bin/cmake)
Building C object CMakeFiles/cmTC_1fab6.dir/testCCompiler.c.o
/opt/android-ndk-r10d/toolchains/arm-linux-androideabi-4.8/prebuilt/linux-x86_64/bin/arm-linux-androideabi-gcc     -o CMakeFiles/cmTC_1fab6.dir/testCCompiler.c.o   -c /home/junlon2006/workspace/amazon/avs_2rd/sdk-folder/sdk-build/CMakeFiles/CMakeTmp/testCCompiler.c
/usr/bin/cmake: /usr/local/lib/libcurl.so.4: no version information available (required by /usr/bin/cmake)
Linking C executable cmTC_1fab6
/usr/bin/cmake -E cmake_link_script CMakeFiles/cmTC_1fab6.dir/link.txt --verbose=1
/usr/bin/cmake: /usr/local/lib/libcurl.so.4: no version information available (required by /usr/bin/cmake)
/opt/android-ndk-r10d/toolchains/arm-linux-androideabi-4.8/prebuilt/linux-x86_64/bin/arm-linux-androideabi-gcc       CMakeFiles/cmTC_1fab6.dir/testCCompiler.c.o  -o cmTC_1fab6 -rdynamic 
/opt/android-ndk-r10d/toolchains/arm-linux-androideabi-4.8/prebuilt/linux-x86_64/bin/../lib/gcc/arm-linux-androideabi/4.8/../../../../arm-linux-androideabi/bin/ld: error: cannot open crtbegin_dynamic.o: No such file or directory
/opt/android-ndk-r10d/toolchains/arm-linux-androideabi-4.8/prebuilt/linux-x86_64/bin/../lib/gcc/arm-linux-androideabi/4.8/../../../../arm-linux-androideabi/bin/ld: error: cannot open crtend_android.o: No such file or directory
/opt/android-ndk-r10d/toolchains/arm-linux-androideabi-4.8/prebuilt/linux-x86_64/bin/../lib/gcc/arm-linux-androideabi/4.8/../../../../arm-linux-androideabi/bin/ld: error: cannot find -lc
/opt/android-ndk-r10d/toolchains/arm-linux-androideabi-4.8/prebuilt/linux-x86_64/bin/../lib/gcc/arm-linux-androideabi/4.8/../../../../arm-linux-androideabi/bin/ld: error: cannot find -ldl
collect2: error: ld returned 1 exit status
CMakeFiles/cmTC_1fab6.dir/build.make:97: recipe for target 'cmTC_1fab6' failed
make[1]: *** [cmTC_1fab6] Error 1
make[1]: Leaving directory '/media/psf/Home/Desktop/workspace/amazon/avs_2rd/sdk-folder/sdk-build/CMakeFiles/CMakeTmp'
Makefile:126: recipe for target 'cmTC_1fab6/fast' failed
make: *** [cmTC_1fab6/fast] Error 2


Determining if the pthread_create exist failed with the following output:
Change Dir: /home/junlon2006/workspace/amazon/avs_2rd/sdk-folder/sdk-build/CMakeFiles/CMakeTmp

Run Build Command:"/usr/bin/make" "cmTC_61ba8/fast"
/usr/bin/make -f CMakeFiles/cmTC_61ba8.dir/build.make CMakeFiles/cmTC_61ba8.dir/build
make[1]: Entering directory '/media/psf/Home/Desktop/workspace/amazon/avs_2rd/sdk-folder/sdk-build/CMakeFiles/CMakeTmp'
/usr/bin/cmake: /usr/local/lib/libcurl.so.4: no version information available (required by /usr/bin/cmake)
Building C object CMakeFiles/cmTC_61ba8.dir/CheckSymbolExists.c.o
/usr/bin/arm-linux-gnueabi-gcc-4.7     -o CMakeFiles/cmTC_61ba8.dir/CheckSymbolExists.c.o   -c /home/junlon2006/workspace/amazon/avs_2rd/sdk-folder/sdk-build/CMakeFiles/CMakeTmp/CheckSymbolExists.c
/usr/bin/cmake: /usr/local/lib/libcurl.so.4: no version information available (required by /usr/bin/cmake)
Linking C executable cmTC_61ba8
/usr/bin/cmake -E cmake_link_script CMakeFiles/cmTC_61ba8.dir/link.txt --verbose=1
/usr/bin/cmake: /usr/local/lib/libcurl.so.4: no version information available (required by /usr/bin/cmake)
/usr/bin/arm-linux-gnueabi-gcc-4.7       CMakeFiles/cmTC_61ba8.dir/CheckSymbolExists.c.o  -o cmTC_61ba8 -rdynamic 
CMakeFiles/cmTC_61ba8.dir/CheckSymbolExists.c.o: In function `main':
CheckSymbolExists.c:(.text+0x38): undefined reference to `pthread_create'
collect2: error: ld returned 1 exit status
CMakeFiles/cmTC_61ba8.dir/build.make:97: recipe for target 'cmTC_61ba8' failed
make[1]: *** [cmTC_61ba8] Error 1
make[1]: Leaving directory '/media/psf/Home/Desktop/workspace/amazon/avs_2rd/sdk-folder/sdk-build/CMakeFiles/CMakeTmp'
Makefile:126: recipe for target 'cmTC_61ba8/fast' failed
make: *** [cmTC_61ba8/fast] Error 2

File /home/junlon2006/workspace/amazon/avs_2rd/sdk-folder/sdk-build/CMakeFiles/CMakeTmp/CheckSymbolExists.c:
/* */
#include <pthread.h>

int main(int argc, char** argv)
{
  (void)argv;
#ifndef pthread_create
  return ((int*)(&pthread_create))[argc];
#else
  (void)argc;
  return 0;
#endif
}

Determining if the function pthread_create exists in the pthreads failed with the following output:
Change Dir: /home/junlon2006/workspace/amazon/avs_2rd/sdk-folder/sdk-build/CMakeFiles/CMakeTmp

Run Build Command:"/usr/bin/make" "cmTC_c16b3/fast"
/usr/bin/make -f CMakeFiles/cmTC_c16b3.dir/build.make CMakeFiles/cmTC_c16b3.dir/build
make[1]: Entering directory '/media/psf/Home/Desktop/workspace/amazon/avs_2rd/sdk-folder/sdk-build/CMakeFiles/CMakeTmp'
/usr/bin/cmake: /usr/local/lib/libcurl.so.4: no version information available (required by /usr/bin/cmake)
Building C object CMakeFiles/cmTC_c16b3.dir/CheckFunctionExists.c.o
/usr/bin/arm-linux-gnueabi-gcc-4.7    -DCHECK_FUNCTION_EXISTS=pthread_create   -o CMakeFiles/cmTC_c16b3.dir/CheckFunctionExists.c.o   -c /usr/share/cmake-3.5/Modules/CheckFunctionExists.c
/usr/bin/cmake: /usr/local/lib/libcurl.so.4: no version information available (required by /usr/bin/cmake)
Linking C executable cmTC_c16b3
/usr/bin/cmake -E cmake_link_script CMakeFiles/cmTC_c16b3.dir/link.txt --verbose=1
/usr/bin/cmake: /usr/local/lib/libcurl.so.4: no version information available (required by /usr/bin/cmake)
/usr/bin/arm-linux-gnueabi-gcc-4.7   -DCHECK_FUNCTION_EXISTS=pthread_create    CMakeFiles/cmTC_c16b3.dir/CheckFunctionExists.c.o  -o cmTC_c16b3 -rdynamic -lpthreads 
/usr/lib/gcc-cross/arm-linux-gnueabi/4.7/../../../../arm-linux-gnueabi/bin/ld: cannot find -lpthreads
collect2: error: ld returned 1 exit status
CMakeFiles/cmTC_c16b3.dir/build.make:97: recipe for target 'cmTC_c16b3' failed
make[1]: *** [cmTC_c16b3] Error 1
make[1]: Leaving directory '/media/psf/Home/Desktop/workspace/amazon/avs_2rd/sdk-folder/sdk-build/CMakeFiles/CMakeTmp'
Makefile:126: recipe for target 'cmTC_c16b3/fast' failed
make: *** [cmTC_c16b3/fast] Error 2


