The target system is: Linux -  - 
The host system is: Linux - 4.13.0-41-generic - x86_64
Compiling the CXX compiler identification source file "CMakeCXXCompilerId.cpp" succeeded.
Compiler: /opt/android-ndk-r10d/toolchains/arm-linux-androideabi-4.8/prebuilt/linux-x86_64/bin/arm-linux-androideabi-g++ 
Build flags: -std=c++11;-fPIC
Id flags: -c

The output was:
0


Compilation of the CXX compiler identification source "CMakeCXXCompilerId.cpp" produced "CMakeCXXCompilerId.o"

The CXX compiler identification is GNU, found in "/home/junlon2006/workspace/amazon/avs_2rd/sdk-folder/sdk-build/CMakeFiles/3.5.1/CompilerIdCXX/CMakeCXXCompilerId.o"

Compiling the CXX compiler identification source file "CMakeCXXCompilerId.cpp" succeeded.
Compiler: /opt/android-ndk-r10d/toolchains/arm-linux-androideabi-4.8/prebuilt/linux-x86_64/bin/arm-linux-androideabi-g++ 
Build flags: -std=c++11;-fPIC
Id flags: -c

The output was:
0


Compilation of the CXX compiler identification source "CMakeCXXCompilerId.cpp" produced "CMakeCXXCompilerId.o"

The CXX compiler identification is GNU, found in "/home/junlon2006/workspace/amazon/avs_2rd/sdk-folder/sdk-build/CMakeFiles/3.5.1/CompilerIdCXX/CMakeCXXCompilerId.o"

Compiling the CXX compiler identification source file "CMakeCXXCompilerId.cpp" succeeded.
Compiler: /usr/bin/arm-linux-gnueabi-g++-4.7 
Build flags: -std=c++11;-fPIC
Id flags: 

The output was:
0


Compilation of the CXX compiler identification source "CMakeCXXCompilerId.cpp" produced "a.out"

The CXX compiler identification is GNU, found in "/home/junlon2006/workspace/amazon/avs_2rd/sdk-folder/sdk-build/CMakeFiles/3.5.1/CompilerIdCXX/a.out"

Determining if the CXX compiler works passed with the following output:
Change Dir: /home/junlon2006/workspace/amazon/avs_2rd/sdk-folder/sdk-build/CMakeFiles/CMakeTmp

Run Build Command:"/usr/bin/make" "cmTC_ca982/fast"
/usr/bin/make -f CMakeFiles/cmTC_ca982.dir/build.make CMakeFiles/cmTC_ca982.dir/build
make[1]: Entering directory '/media/psf/Home/Desktop/workspace/amazon/avs_2rd/sdk-folder/sdk-build/CMakeFiles/CMakeTmp'
/usr/bin/cmake: /usr/local/lib/libcurl.so.4: no version information available (required by /usr/bin/cmake)
Building CXX object CMakeFiles/cmTC_ca982.dir/testCXXCompiler.cxx.o
/usr/bin/arm-linux-gnueabi-g++-4.7     -std=c++11 -fPIC    -o CMakeFiles/cmTC_ca982.dir/testCXXCompiler.cxx.o -c /home/junlon2006/workspace/amazon/avs_2rd/sdk-folder/sdk-build/CMakeFiles/CMakeTmp/testCXXCompiler.cxx
/usr/bin/cmake: /usr/local/lib/libcurl.so.4: no version information available (required by /usr/bin/cmake)
Linking CXX executable cmTC_ca982
/usr/bin/cmake -E cmake_link_script CMakeFiles/cmTC_ca982.dir/link.txt --verbose=1
/usr/bin/cmake: /usr/local/lib/libcurl.so.4: no version information available (required by /usr/bin/cmake)
/usr/bin/arm-linux-gnueabi-g++-4.7   -std=c++11 -fPIC     CMakeFiles/cmTC_ca982.dir/testCXXCompiler.cxx.o  -o cmTC_ca982 -rdynamic 
make[1]: Leaving directory '/media/psf/Home/Desktop/workspace/amazon/avs_2rd/sdk-folder/sdk-build/CMakeFiles/CMakeTmp'


Detecting CXX compiler ABI info compiled with the following output:
Change Dir: /home/junlon2006/workspace/amazon/avs_2rd/sdk-folder/sdk-build/CMakeFiles/CMakeTmp

Run Build Command:"/usr/bin/make" "cmTC_2966c/fast"
/usr/bin/make -f CMakeFiles/cmTC_2966c.dir/build.make CMakeFiles/cmTC_2966c.dir/build
make[1]: Entering directory '/media/psf/Home/Desktop/workspace/amazon/avs_2rd/sdk-folder/sdk-build/CMakeFiles/CMakeTmp'
/usr/bin/cmake: /usr/local/lib/libcurl.so.4: no version information available (required by /usr/bin/cmake)
Building CXX object CMakeFiles/cmTC_2966c.dir/CMakeCXXCompilerABI.cpp.o
/usr/bin/arm-linux-gnueabi-g++-4.7     -std=c++11 -fPIC    -o CMakeFiles/cmTC_2966c.dir/CMakeCXXCompilerABI.cpp.o -c /usr/share/cmake-3.5/Modules/CMakeCXXCompilerABI.cpp
/usr/bin/cmake: /usr/local/lib/libcurl.so.4: no version information available (required by /usr/bin/cmake)
Linking CXX executable cmTC_2966c
/usr/bin/cmake -E cmake_link_script CMakeFiles/cmTC_2966c.dir/link.txt --verbose=1
/usr/bin/cmake: /usr/local/lib/libcurl.so.4: no version information available (required by /usr/bin/cmake)
/usr/bin/arm-linux-gnueabi-g++-4.7   -std=c++11 -fPIC    -v CMakeFiles/cmTC_2966c.dir/CMakeCXXCompilerABI.cpp.o  -o cmTC_2966c -rdynamic  
Using built-in specs.
COLLECT_GCC=/usr/bin/arm-linux-gnueabi-g++-4.7
COLLECT_LTO_WRAPPER=/usr/lib/gcc-cross/arm-linux-gnueabi/4.7/lto-wrapper
Target: arm-linux-gnueabi
Configured with: ../src/configure -v --with-pkgversion='Ubuntu/Linaro 4.7.3-12ubuntu1' --with-bugurl=file:///usr/share/doc/gcc-4.7/README.Bugs --enable-languages=c,c++,go,fortran,objc,obj-c++ --prefix=/usr --program-suffix=-4.7 --enable-shared --enable-linker-build-id --libexecdir=/usr/lib --without-included-gettext --enable-threads=posix --with-gxx-include-dir=/usr/arm-linux-gnueabi/include/c++/4.7.3 --libdir=/usr/lib --enable-nls --with-sysroot=/ --enable-clocale=gnu --enable-libstdcxx-debug --enable-gnu-unique-object --disable-libmudflap --disable-libitm --enable-plugin --with-system-zlib --enable-objc-gc --with-cloog --enable-cloog-backend=ppl --disable-cloog-version-check --disable-ppl-version-check --enable-multiarch --enable-multilib --disable-sjlj-exceptions --with-arch=armv5t --with-float=soft --disable-werror --enable-checking=release --build=x86_64-linux-gnu --host=x86_64-linux-gnu --target=arm-linux-gnueabi --program-prefix=arm-linux-gnueabi- --includedir=/usr/arm-linux-gnueabi/include
Thread model: posix
gcc version 4.7.3 (Ubuntu/Linaro 4.7.3-12ubuntu1) 
COMPILER_PATH=/usr/lib/gcc-cross/arm-linux-gnueabi/4.7/:/usr/lib/gcc-cross/arm-linux-gnueabi/4.7/:/usr/lib/gcc-cross/arm-linux-gnueabi/:/usr/lib/gcc-cross/arm-linux-gnueabi/4.7/:/usr/lib/gcc-cross/arm-linux-gnueabi/:/usr/lib/gcc-cross/arm-linux-gnueabi/4.7/../../../../arm-linux-gnueabi/bin/
LIBRARY_PATH=/usr/lib/gcc-cross/arm-linux-gnueabi/4.7/../../../../arm-linux-gnueabi/lib/../lib/:/lib/../lib/:/usr/lib/../lib/:/usr/lib/gcc-cross/arm-linux-gnueabi/4.7/:/usr/lib/gcc-cross/arm-linux-gnueabi/4.7/../../../../arm-linux-gnueabi/lib/:/lib/:/usr/lib/
COLLECT_GCC_OPTIONS='-std=c++11' '-fPIC' '-v' '-o' 'cmTC_2966c' '-rdynamic' '-shared-libgcc' '-march=armv5t' '-mfloat-abi=soft' '-mtls-dialect=gnu'
 /usr/lib/gcc-cross/arm-linux-gnueabi/4.7/collect2 --sysroot=/ --build-id --eh-frame-hdr -export-dynamic -dynamic-linker /lib/ld-linux.so.3 -X --hash-style=gnu --as-needed -m armelf_linux_eabi -z relro -o cmTC_2966c /usr/lib/gcc-cross/arm-linux-gnueabi/4.7/../../../../arm-linux-gnueabi/lib/../lib/crt1.o /usr/lib/gcc-cross/arm-linux-gnueabi/4.7/../../../../arm-linux-gnueabi/lib/../lib/crti.o /usr/lib/gcc-cross/arm-linux-gnueabi/4.7/crtbegin.o -L/usr/lib/gcc-cross/arm-linux-gnueabi/4.7/../../../../arm-linux-gnueabi/lib/../lib -L/lib/../lib -L/usr/lib/../lib -L/usr/lib/gcc-cross/arm-linux-gnueabi/4.7 -L/usr/lib/gcc-cross/arm-linux-gnueabi/4.7/../../../../arm-linux-gnueabi/lib CMakeFiles/cmTC_2966c.dir/CMakeCXXCompilerABI.cpp.o -lstdc++ -lm -lgcc_s -lgcc -lc -lgcc_s -lgcc /usr/lib/gcc-cross/arm-linux-gnueabi/4.7/crtend.o /usr/lib/gcc-cross/arm-linux-gnueabi/4.7/../../../../arm-linux-gnueabi/lib/../lib/crtn.o
make[1]: Leaving directory '/media/psf/Home/Desktop/workspace/amazon/avs_2rd/sdk-folder/sdk-build/CMakeFiles/CMakeTmp'


Parsed CXX implicit link information from above output:
  link line regex: [^( *|.*[/\])(arm-linux-androideabi-ld|([^/\]+-)?ld|collect2)[^/\]*( |$)]
  ignore line: [Change Dir: /home/junlon2006/workspace/amazon/avs_2rd/sdk-folder/sdk-build/CMakeFiles/CMakeTmp]
  ignore line: []
  ignore line: [Run Build Command:"/usr/bin/make" "cmTC_2966c/fast"]
  ignore line: [/usr/bin/make -f CMakeFiles/cmTC_2966c.dir/build.make CMakeFiles/cmTC_2966c.dir/build]
  ignore line: [make[1]: Entering directory '/media/psf/Home/Desktop/workspace/amazon/avs_2rd/sdk-folder/sdk-build/CMakeFiles/CMakeTmp']
  ignore line: [/usr/bin/cmake: /usr/local/lib/libcurl.so.4: no version information available (required by /usr/bin/cmake)]
  ignore line: [Building CXX object CMakeFiles/cmTC_2966c.dir/CMakeCXXCompilerABI.cpp.o]
  ignore line: [/usr/bin/arm-linux-gnueabi-g++-4.7     -std=c++11 -fPIC    -o CMakeFiles/cmTC_2966c.dir/CMakeCXXCompilerABI.cpp.o -c /usr/share/cmake-3.5/Modules/CMakeCXXCompilerABI.cpp]
  ignore line: [/usr/bin/cmake: /usr/local/lib/libcurl.so.4: no version information available (required by /usr/bin/cmake)]
  ignore line: [Linking CXX executable cmTC_2966c]
  ignore line: [/usr/bin/cmake -E cmake_link_script CMakeFiles/cmTC_2966c.dir/link.txt --verbose=1]
  ignore line: [/usr/bin/cmake: /usr/local/lib/libcurl.so.4: no version information available (required by /usr/bin/cmake)]
  ignore line: [/usr/bin/arm-linux-gnueabi-g++-4.7   -std=c++11 -fPIC    -v CMakeFiles/cmTC_2966c.dir/CMakeCXXCompilerABI.cpp.o  -o cmTC_2966c -rdynamic  ]
  ignore line: [Using built-in specs.]
  ignore line: [COLLECT_GCC=/usr/bin/arm-linux-gnueabi-g++-4.7]
  ignore line: [COLLECT_LTO_WRAPPER=/usr/lib/gcc-cross/arm-linux-gnueabi/4.7/lto-wrapper]
  ignore line: [Target: arm-linux-gnueabi]
  ignore line: [Configured with: ../src/configure -v --with-pkgversion='Ubuntu/Linaro 4.7.3-12ubuntu1' --with-bugurl=file:///usr/share/doc/gcc-4.7/README.Bugs --enable-languages=c,c++,go,fortran,objc,obj-c++ --prefix=/usr --program-suffix=-4.7 --enable-shared --enable-linker-build-id --libexecdir=/usr/lib --without-included-gettext --enable-threads=posix --with-gxx-include-dir=/usr/arm-linux-gnueabi/include/c++/4.7.3 --libdir=/usr/lib --enable-nls --with-sysroot=/ --enable-clocale=gnu --enable-libstdcxx-debug --enable-gnu-unique-object --disable-libmudflap --disable-libitm --enable-plugin --with-system-zlib --enable-objc-gc --with-cloog --enable-cloog-backend=ppl --disable-cloog-version-check --disable-ppl-version-check --enable-multiarch --enable-multilib --disable-sjlj-exceptions --with-arch=armv5t --with-float=soft --disable-werror --enable-checking=release --build=x86_64-linux-gnu --host=x86_64-linux-gnu --target=arm-linux-gnueabi --program-prefix=arm-linux-gnueabi- --includedir=/usr/arm-linux-gnueabi/include]
  ignore line: [Thread model: posix]
  ignore line: [gcc version 4.7.3 (Ubuntu/Linaro 4.7.3-12ubuntu1) ]
  ignore line: [COMPILER_PATH=/usr/lib/gcc-cross/arm-linux-gnueabi/4.7/:/usr/lib/gcc-cross/arm-linux-gnueabi/4.7/:/usr/lib/gcc-cross/arm-linux-gnueabi/:/usr/lib/gcc-cross/arm-linux-gnueabi/4.7/:/usr/lib/gcc-cross/arm-linux-gnueabi/:/usr/lib/gcc-cross/arm-linux-gnueabi/4.7/../../../../arm-linux-gnueabi/bin/]
  ignore line: [LIBRARY_PATH=/usr/lib/gcc-cross/arm-linux-gnueabi/4.7/../../../../arm-linux-gnueabi/lib/../lib/:/lib/../lib/:/usr/lib/../lib/:/usr/lib/gcc-cross/arm-linux-gnueabi/4.7/:/usr/lib/gcc-cross/arm-linux-gnueabi/4.7/../../../../arm-linux-gnueabi/lib/:/lib/:/usr/lib/]
  ignore line: [COLLECT_GCC_OPTIONS='-std=c++11' '-fPIC' '-v' '-o' 'cmTC_2966c' '-rdynamic' '-shared-libgcc' '-march=armv5t' '-mfloat-abi=soft' '-mtls-dialect=gnu']
  link line: [ /usr/lib/gcc-cross/arm-linux-gnueabi/4.7/collect2 --sysroot=/ --build-id --eh-frame-hdr -export-dynamic -dynamic-linker /lib/ld-linux.so.3 -X --hash-style=gnu --as-needed -m armelf_linux_eabi -z relro -o cmTC_2966c /usr/lib/gcc-cross/arm-linux-gnueabi/4.7/../../../../arm-linux-gnueabi/lib/../lib/crt1.o /usr/lib/gcc-cross/arm-linux-gnueabi/4.7/../../../../arm-linux-gnueabi/lib/../lib/crti.o /usr/lib/gcc-cross/arm-linux-gnueabi/4.7/crtbegin.o -L/usr/lib/gcc-cross/arm-linux-gnueabi/4.7/../../../../arm-linux-gnueabi/lib/../lib -L/lib/../lib -L/usr/lib/../lib -L/usr/lib/gcc-cross/arm-linux-gnueabi/4.7 -L/usr/lib/gcc-cross/arm-linux-gnueabi/4.7/../../../../arm-linux-gnueabi/lib CMakeFiles/cmTC_2966c.dir/CMakeCXXCompilerABI.cpp.o -lstdc++ -lm -lgcc_s -lgcc -lc -lgcc_s -lgcc /usr/lib/gcc-cross/arm-linux-gnueabi/4.7/crtend.o /usr/lib/gcc-cross/arm-linux-gnueabi/4.7/../../../../arm-linux-gnueabi/lib/../lib/crtn.o]
    arg [/usr/lib/gcc-cross/arm-linux-gnueabi/4.7/collect2] ==> ignore
    arg [--sysroot=/] ==> ignore
    arg [--build-id] ==> ignore
    arg [--eh-frame-hdr] ==> ignore
    arg [-export-dynamic] ==> ignore
    arg [-dynamic-linker] ==> ignore
    arg [/lib/ld-linux.so.3] ==> ignore
    arg [-X] ==> ignore
    arg [--hash-style=gnu] ==> ignore
    arg [--as-needed] ==> ignore
    arg [-m] ==> ignore
    arg [armelf_linux_eabi] ==> ignore
    arg [-zrelro] ==> ignore
    arg [-o] ==> ignore
    arg [cmTC_2966c] ==> ignore
    arg [/usr/lib/gcc-cross/arm-linux-gnueabi/4.7/../../../../arm-linux-gnueabi/lib/../lib/crt1.o] ==> ignore
    arg [/usr/lib/gcc-cross/arm-linux-gnueabi/4.7/../../../../arm-linux-gnueabi/lib/../lib/crti.o] ==> ignore
    arg [/usr/lib/gcc-cross/arm-linux-gnueabi/4.7/crtbegin.o] ==> ignore
    arg [-L/usr/lib/gcc-cross/arm-linux-gnueabi/4.7/../../../../arm-linux-gnueabi/lib/../lib] ==> dir [/usr/lib/gcc-cross/arm-linux-gnueabi/4.7/../../../../arm-linux-gnueabi/lib/../lib]
    arg [-L/lib/../lib] ==> dir [/lib/../lib]
    arg [-L/usr/lib/../lib] ==> dir [/usr/lib/../lib]
    arg [-L/usr/lib/gcc-cross/arm-linux-gnueabi/4.7] ==> dir [/usr/lib/gcc-cross/arm-linux-gnueabi/4.7]
    arg [-L/usr/lib/gcc-cross/arm-linux-gnueabi/4.7/../../../../arm-linux-gnueabi/lib] ==> dir [/usr/lib/gcc-cross/arm-linux-gnueabi/4.7/../../../../arm-linux-gnueabi/lib]
    arg [CMakeFiles/cmTC_2966c.dir/CMakeCXXCompilerABI.cpp.o] ==> ignore
    arg [-lstdc++] ==> lib [stdc++]
    arg [-lm] ==> lib [m]
    arg [-lgcc_s] ==> lib [gcc_s]
    arg [-lgcc] ==> lib [gcc]
    arg [-lc] ==> lib [c]
    arg [-lgcc_s] ==> lib [gcc_s]
    arg [-lgcc] ==> lib [gcc]
    arg [/usr/lib/gcc-cross/arm-linux-gnueabi/4.7/crtend.o] ==> ignore
    arg [/usr/lib/gcc-cross/arm-linux-gnueabi/4.7/../../../../arm-linux-gnueabi/lib/../lib/crtn.o] ==> ignore
  remove lib [gcc_s]
  remove lib [gcc]
  remove lib [gcc_s]
  remove lib [gcc]
  collapse library dir [/usr/lib/gcc-cross/arm-linux-gnueabi/4.7/../../../../arm-linux-gnueabi/lib/../lib] ==> [/usr/arm-linux-gnueabi/lib]
  collapse library dir [/lib/../lib] ==> [/lib]
  collapse library dir [/usr/lib/../lib] ==> [/usr/lib]
  collapse library dir [/usr/lib/gcc-cross/arm-linux-gnueabi/4.7] ==> [/usr/lib/gcc-cross/arm-linux-gnueabi/4.7]
  collapse library dir [/usr/lib/gcc-cross/arm-linux-gnueabi/4.7/../../../../arm-linux-gnueabi/lib] ==> [/usr/arm-linux-gnueabi/lib]
  implicit libs: [stdc++;m;c]
  implicit dirs: [/usr/arm-linux-gnueabi/lib;/lib;/usr/lib;/usr/lib/gcc-cross/arm-linux-gnueabi/4.7]
  implicit fwks: []




Detecting CXX [-std=c++11] compiler features compiled with the following output:
Change Dir: /home/junlon2006/workspace/amazon/avs_2rd/sdk-folder/sdk-build/CMakeFiles/CMakeTmp

Run Build Command:"/usr/bin/make" "cmTC_8c5c8/fast"
/usr/bin/make -f CMakeFiles/cmTC_8c5c8.dir/build.make CMakeFiles/cmTC_8c5c8.dir/build
make[1]: Entering directory '/media/psf/Home/Desktop/workspace/amazon/avs_2rd/sdk-folder/sdk-build/CMakeFiles/CMakeTmp'
/usr/bin/cmake: /usr/local/lib/libcurl.so.4: no version information available (required by /usr/bin/cmake)
Building CXX object CMakeFiles/cmTC_8c5c8.dir/feature_tests.cxx.o
/usr/bin/arm-linux-gnueabi-g++-4.7     -std=c++11 -fPIC    -std=c++11 -o CMakeFiles/cmTC_8c5c8.dir/feature_tests.cxx.o -c /home/junlon2006/workspace/amazon/avs_2rd/sdk-folder/sdk-build/CMakeFiles/feature_tests.cxx
/usr/bin/cmake: /usr/local/lib/libcurl.so.4: no version information available (required by /usr/bin/cmake)
Linking CXX executable cmTC_8c5c8
/usr/bin/cmake -E cmake_link_script CMakeFiles/cmTC_8c5c8.dir/link.txt --verbose=1
/usr/bin/cmake: /usr/local/lib/libcurl.so.4: no version information available (required by /usr/bin/cmake)
/usr/bin/arm-linux-gnueabi-g++-4.7   -std=c++11 -fPIC     CMakeFiles/cmTC_8c5c8.dir/feature_tests.cxx.o  -o cmTC_8c5c8 -rdynamic 
make[1]: Leaving directory '/media/psf/Home/Desktop/workspace/amazon/avs_2rd/sdk-folder/sdk-build/CMakeFiles/CMakeTmp'


    Feature record: CXX_FEATURE:0cxx_aggregate_default_initializers
    Feature record: CXX_FEATURE:1cxx_alias_templates
    Feature record: CXX_FEATURE:0cxx_alignas
    Feature record: CXX_FEATURE:0cxx_alignof
    Feature record: CXX_FEATURE:0cxx_attributes
    Feature record: CXX_FEATURE:0cxx_attribute_deprecated
    Feature record: CXX_FEATURE:1cxx_auto_type
    Feature record: CXX_FEATURE:0cxx_binary_literals
    Feature record: CXX_FEATURE:1cxx_constexpr
    Feature record: CXX_FEATURE:0cxx_contextual_conversions
    Feature record: CXX_FEATURE:1cxx_decltype
    Feature record: CXX_FEATURE:0cxx_decltype_auto
    Feature record: CXX_FEATURE:0cxx_decltype_incomplete_return_types
    Feature record: CXX_FEATURE:1cxx_default_function_template_args
    Feature record: CXX_FEATURE:1cxx_defaulted_functions
    Feature record: CXX_FEATURE:1cxx_defaulted_move_initializers
    Feature record: CXX_FEATURE:1cxx_delegating_constructors
    Feature record: CXX_FEATURE:1cxx_deleted_functions
    Feature record: CXX_FEATURE:0cxx_digit_separators
    Feature record: CXX_FEATURE:1cxx_enum_forward_declarations
    Feature record: CXX_FEATURE:1cxx_explicit_conversions
    Feature record: CXX_FEATURE:1cxx_extended_friend_declarations
    Feature record: CXX_FEATURE:1cxx_extern_templates
    Feature record: CXX_FEATURE:1cxx_final
    Feature record: CXX_FEATURE:1cxx_func_identifier
    Feature record: CXX_FEATURE:1cxx_generalized_initializers
    Feature record: CXX_FEATURE:0cxx_generic_lambdas
    Feature record: CXX_FEATURE:0cxx_inheriting_constructors
    Feature record: CXX_FEATURE:1cxx_inline_namespaces
    Feature record: CXX_FEATURE:1cxx_lambdas
    Feature record: CXX_FEATURE:0cxx_lambda_init_captures
    Feature record: CXX_FEATURE:1cxx_local_type_template_args
    Feature record: CXX_FEATURE:1cxx_long_long_type
    Feature record: CXX_FEATURE:1cxx_noexcept
    Feature record: CXX_FEATURE:1cxx_nonstatic_member_init
    Feature record: CXX_FEATURE:1cxx_nullptr
    Feature record: CXX_FEATURE:1cxx_override
    Feature record: CXX_FEATURE:1cxx_range_for
    Feature record: CXX_FEATURE:1cxx_raw_string_literals
    Feature record: CXX_FEATURE:0cxx_reference_qualified_functions
    Feature record: CXX_FEATURE:0cxx_relaxed_constexpr
    Feature record: CXX_FEATURE:0cxx_return_type_deduction
    Feature record: CXX_FEATURE:1cxx_right_angle_brackets
    Feature record: CXX_FEATURE:1cxx_rvalue_references
    Feature record: CXX_FEATURE:1cxx_sizeof_member
    Feature record: CXX_FEATURE:1cxx_static_assert
    Feature record: CXX_FEATURE:1cxx_strong_enums
    Feature record: CXX_FEATURE:1cxx_template_template_parameters
    Feature record: CXX_FEATURE:0cxx_thread_local
    Feature record: CXX_FEATURE:1cxx_trailing_return_types
    Feature record: CXX_FEATURE:1cxx_unicode_literals
    Feature record: CXX_FEATURE:1cxx_uniform_initialization
    Feature record: CXX_FEATURE:1cxx_unrestricted_unions
    Feature record: CXX_FEATURE:1cxx_user_literals
    Feature record: CXX_FEATURE:0cxx_variable_templates
    Feature record: CXX_FEATURE:1cxx_variadic_macros
    Feature record: CXX_FEATURE:1cxx_variadic_templates


Detecting CXX [-std=c++98] compiler features compiled with the following output:
Change Dir: /home/junlon2006/workspace/amazon/avs_2rd/sdk-folder/sdk-build/CMakeFiles/CMakeTmp

Run Build Command:"/usr/bin/make" "cmTC_e6d29/fast"
/usr/bin/make -f CMakeFiles/cmTC_e6d29.dir/build.make CMakeFiles/cmTC_e6d29.dir/build
make[1]: Entering directory '/media/psf/Home/Desktop/workspace/amazon/avs_2rd/sdk-folder/sdk-build/CMakeFiles/CMakeTmp'
/usr/bin/cmake: /usr/local/lib/libcurl.so.4: no version information available (required by /usr/bin/cmake)
Building CXX object CMakeFiles/cmTC_e6d29.dir/feature_tests.cxx.o
/usr/bin/arm-linux-gnueabi-g++-4.7     -std=c++11 -fPIC    -std=c++98 -o CMakeFiles/cmTC_e6d29.dir/feature_tests.cxx.o -c /home/junlon2006/workspace/amazon/avs_2rd/sdk-folder/sdk-build/CMakeFiles/feature_tests.cxx
/usr/bin/cmake: /usr/local/lib/libcurl.so.4: no version information available (required by /usr/bin/cmake)
Linking CXX executable cmTC_e6d29
/usr/bin/cmake -E cmake_link_script CMakeFiles/cmTC_e6d29.dir/link.txt --verbose=1
/usr/bin/cmake: /usr/local/lib/libcurl.so.4: no version information available (required by /usr/bin/cmake)
/usr/bin/arm-linux-gnueabi-g++-4.7   -std=c++11 -fPIC     CMakeFiles/cmTC_e6d29.dir/feature_tests.cxx.o  -o cmTC_e6d29 -rdynamic 
make[1]: Leaving directory '/media/psf/Home/Desktop/workspace/amazon/avs_2rd/sdk-folder/sdk-build/CMakeFiles/CMakeTmp'


    Feature record: CXX_FEATURE:0cxx_aggregate_default_initializers
    Feature record: CXX_FEATURE:0cxx_alias_templates
    Feature record: CXX_FEATURE:0cxx_alignas
    Feature record: CXX_FEATURE:0cxx_alignof
    Feature record: CXX_FEATURE:0cxx_attributes
    Feature record: CXX_FEATURE:0cxx_attribute_deprecated
    Feature record: CXX_FEATURE:0cxx_auto_type
    Feature record: CXX_FEATURE:0cxx_binary_literals
    Feature record: CXX_FEATURE:0cxx_constexpr
    Feature record: CXX_FEATURE:0cxx_contextual_conversions
    Feature record: CXX_FEATURE:0cxx_decltype
    Feature record: CXX_FEATURE:0cxx_decltype_auto
    Feature record: CXX_FEATURE:0cxx_decltype_incomplete_return_types
    Feature record: CXX_FEATURE:0cxx_default_function_template_args
    Feature record: CXX_FEATURE:0cxx_defaulted_functions
    Feature record: CXX_FEATURE:0cxx_defaulted_move_initializers
    Feature record: CXX_FEATURE:0cxx_delegating_constructors
    Feature record: CXX_FEATURE:0cxx_deleted_functions
    Feature record: CXX_FEATURE:0cxx_digit_separators
    Feature record: CXX_FEATURE:0cxx_enum_forward_declarations
    Feature record: CXX_FEATURE:0cxx_explicit_conversions
    Feature record: CXX_FEATURE:0cxx_extended_friend_declarations
    Feature record: CXX_FEATURE:0cxx_extern_templates
    Feature record: CXX_FEATURE:0cxx_final
    Feature record: CXX_FEATURE:0cxx_func_identifier
    Feature record: CXX_FEATURE:0cxx_generalized_initializers
    Feature record: CXX_FEATURE:0cxx_generic_lambdas
    Feature record: CXX_FEATURE:0cxx_inheriting_constructors
    Feature record: CXX_FEATURE:0cxx_inline_namespaces
    Feature record: CXX_FEATURE:0cxx_lambdas
    Feature record: CXX_FEATURE:0cxx_lambda_init_captures
    Feature record: CXX_FEATURE:0cxx_local_type_template_args
    Feature record: CXX_FEATURE:0cxx_long_long_type
    Feature record: CXX_FEATURE:0cxx_noexcept
    Feature record: CXX_FEATURE:0cxx_nonstatic_member_init
    Feature record: CXX_FEATURE:0cxx_nullptr
    Feature record: CXX_FEATURE:0cxx_override
    Feature record: CXX_FEATURE:0cxx_range_for
    Feature record: CXX_FEATURE:0cxx_raw_string_literals
    Feature record: CXX_FEATURE:0cxx_reference_qualified_functions
    Feature record: CXX_FEATURE:0cxx_relaxed_constexpr
    Feature record: CXX_FEATURE:0cxx_return_type_deduction
    Feature record: CXX_FEATURE:0cxx_right_angle_brackets
    Feature record: CXX_FEATURE:0cxx_rvalue_references
    Feature record: CXX_FEATURE:0cxx_sizeof_member
    Feature record: CXX_FEATURE:0cxx_static_assert
    Feature record: CXX_FEATURE:0cxx_strong_enums
    Feature record: CXX_FEATURE:1cxx_template_template_parameters
    Feature record: CXX_FEATURE:0cxx_thread_local
    Feature record: CXX_FEATURE:0cxx_trailing_return_types
    Feature record: CXX_FEATURE:0cxx_unicode_literals
    Feature record: CXX_FEATURE:0cxx_uniform_initialization
    Feature record: CXX_FEATURE:0cxx_unrestricted_unions
    Feature record: CXX_FEATURE:0cxx_user_literals
    Feature record: CXX_FEATURE:0cxx_variable_templates
    Feature record: CXX_FEATURE:0cxx_variadic_macros
    Feature record: CXX_FEATURE:0cxx_variadic_templates
Compiling the C compiler identification source file "CMakeCCompilerId.c" succeeded.
Compiler: /opt/android-ndk-r10d/toolchains/arm-linux-androideabi-4.8/prebuilt/linux-x86_64/bin/arm-linux-androideabi-gcc 
Build flags: 
Id flags: -c

The output was:
0


Compilation of the C compiler identification source "CMakeCCompilerId.c" produced "CMakeCCompilerId.o"

The C compiler identification is GNU, found in "/home/junlon2006/workspace/amazon/avs_2rd/sdk-folder/sdk-build/CMakeFiles/3.5.1/CompilerIdC/CMakeCCompilerId.o"

Compiling the C compiler identification source file "CMakeCCompilerId.c" succeeded.
Compiler: /opt/android-ndk-r10d/toolchains/arm-linux-androideabi-4.8/prebuilt/linux-x86_64/bin/arm-linux-androideabi-gcc 
Build flags: 
Id flags: -c

The output was:
0


Compilation of the C compiler identification source "CMakeCCompilerId.c" produced "CMakeCCompilerId.o"

The C compiler identification is GNU, found in "/home/junlon2006/workspace/amazon/avs_2rd/sdk-folder/sdk-build/CMakeFiles/3.5.1/CompilerIdC/CMakeCCompilerId.o"

Compiling the C compiler identification source file "CMakeCCompilerId.c" succeeded.
Compiler: /opt/android-ndk-r10d/toolchains/arm-linux-androideabi-4.8/prebuilt/linux-x86_64/bin/arm-linux-androideabi-gcc 
Build flags: 
Id flags: -c

The output was:
0


Compilation of the C compiler identification source "CMakeCCompilerId.c" produced "CMakeCCompilerId.o"

The C compiler identification is GNU, found in "/home/junlon2006/workspace/amazon/avs_2rd/sdk-folder/sdk-build/CMakeFiles/3.5.1/CompilerIdC/CMakeCCompilerId.o"

Compiling the C compiler identification source file "CMakeCCompilerId.c" succeeded.
Compiler: /usr/bin/arm-linux-gnueabi-gcc-4.7 
Build flags: 
Id flags: 

The output was:
0


Compilation of the C compiler identification source "CMakeCCompilerId.c" produced "a.out"

The C compiler identification is GNU, found in "/home/junlon2006/workspace/amazon/avs_2rd/sdk-folder/sdk-build/CMakeFiles/3.5.1/CompilerIdC/a.out"

Determining if the C compiler works passed with the following output:
Change Dir: /home/junlon2006/workspace/amazon/avs_2rd/sdk-folder/sdk-build/CMakeFiles/CMakeTmp

Run Build Command:"/usr/bin/make" "cmTC_64770/fast"
/usr/bin/make -f CMakeFiles/cmTC_64770.dir/build.make CMakeFiles/cmTC_64770.dir/build
make[1]: Entering directory '/media/psf/Home/Desktop/workspace/amazon/avs_2rd/sdk-folder/sdk-build/CMakeFiles/CMakeTmp'
/usr/bin/cmake: /usr/local/lib/libcurl.so.4: no version information available (required by /usr/bin/cmake)
Building C object CMakeFiles/cmTC_64770.dir/testCCompiler.c.o
/usr/bin/arm-linux-gnueabi-gcc-4.7     -o CMakeFiles/cmTC_64770.dir/testCCompiler.c.o   -c /home/junlon2006/workspace/amazon/avs_2rd/sdk-folder/sdk-build/CMakeFiles/CMakeTmp/testCCompiler.c
/usr/bin/cmake: /usr/local/lib/libcurl.so.4: no version information available (required by /usr/bin/cmake)
Linking C executable cmTC_64770
/usr/bin/cmake -E cmake_link_script CMakeFiles/cmTC_64770.dir/link.txt --verbose=1
/usr/bin/cmake: /usr/local/lib/libcurl.so.4: no version information available (required by /usr/bin/cmake)
/usr/bin/arm-linux-gnueabi-gcc-4.7       CMakeFiles/cmTC_64770.dir/testCCompiler.c.o  -o cmTC_64770 -rdynamic 
make[1]: Leaving directory '/media/psf/Home/Desktop/workspace/amazon/avs_2rd/sdk-folder/sdk-build/CMakeFiles/CMakeTmp'


Detecting C compiler ABI info compiled with the following output:
Change Dir: /home/junlon2006/workspace/amazon/avs_2rd/sdk-folder/sdk-build/CMakeFiles/CMakeTmp

Run Build Command:"/usr/bin/make" "cmTC_58446/fast"
/usr/bin/make -f CMakeFiles/cmTC_58446.dir/build.make CMakeFiles/cmTC_58446.dir/build
make[1]: Entering directory '/media/psf/Home/Desktop/workspace/amazon/avs_2rd/sdk-folder/sdk-build/CMakeFiles/CMakeTmp'
/usr/bin/cmake: /usr/local/lib/libcurl.so.4: no version information available (required by /usr/bin/cmake)
Building C object CMakeFiles/cmTC_58446.dir/CMakeCCompilerABI.c.o
/usr/bin/arm-linux-gnueabi-gcc-4.7     -o CMakeFiles/cmTC_58446.dir/CMakeCCompilerABI.c.o   -c /usr/share/cmake-3.5/Modules/CMakeCCompilerABI.c
/usr/bin/cmake: /usr/local/lib/libcurl.so.4: no version information available (required by /usr/bin/cmake)
Linking C executable cmTC_58446
/usr/bin/cmake -E cmake_link_script CMakeFiles/cmTC_58446.dir/link.txt --verbose=1
/usr/bin/cmake: /usr/local/lib/libcurl.so.4: no version information available (required by /usr/bin/cmake)
/usr/bin/arm-linux-gnueabi-gcc-4.7      -v CMakeFiles/cmTC_58446.dir/CMakeCCompilerABI.c.o  -o cmTC_58446 -rdynamic  
Using built-in specs.
COLLECT_GCC=/usr/bin/arm-linux-gnueabi-gcc-4.7
COLLECT_LTO_WRAPPER=/usr/lib/gcc-cross/arm-linux-gnueabi/4.7/lto-wrapper
Target: arm-linux-gnueabi
Configured with: ../src/configure -v --with-pkgversion='Ubuntu/Linaro 4.7.3-12ubuntu1' --with-bugurl=file:///usr/share/doc/gcc-4.7/README.Bugs --enable-languages=c,c++,go,fortran,objc,obj-c++ --prefix=/usr --program-suffix=-4.7 --enable-shared --enable-linker-build-id --libexecdir=/usr/lib --without-included-gettext --enable-threads=posix --with-gxx-include-dir=/usr/arm-linux-gnueabi/include/c++/4.7.3 --libdir=/usr/lib --enable-nls --with-sysroot=/ --enable-clocale=gnu --enable-libstdcxx-debug --enable-gnu-unique-object --disable-libmudflap --disable-libitm --enable-plugin --with-system-zlib --enable-objc-gc --with-cloog --enable-cloog-backend=ppl --disable-cloog-version-check --disable-ppl-version-check --enable-multiarch --enable-multilib --disable-sjlj-exceptions --with-arch=armv5t --with-float=soft --disable-werror --enable-checking=release --build=x86_64-linux-gnu --host=x86_64-linux-gnu --target=arm-linux-gnueabi --program-prefix=arm-linux-gnueabi- --includedir=/usr/arm-linux-gnueabi/include
Thread model: posix
gcc version 4.7.3 (Ubuntu/Linaro 4.7.3-12ubuntu1) 
COMPILER_PATH=/usr/lib/gcc-cross/arm-linux-gnueabi/4.7/:/usr/lib/gcc-cross/arm-linux-gnueabi/4.7/:/usr/lib/gcc-cross/arm-linux-gnueabi/:/usr/lib/gcc-cross/arm-linux-gnueabi/4.7/:/usr/lib/gcc-cross/arm-linux-gnueabi/:/usr/lib/gcc-cross/arm-linux-gnueabi/4.7/../../../../arm-linux-gnueabi/bin/
LIBRARY_PATH=/usr/lib/gcc-cross/arm-linux-gnueabi/4.7/../../../../arm-linux-gnueabi/lib/../lib/:/lib/../lib/:/usr/lib/../lib/:/usr/lib/gcc-cross/arm-linux-gnueabi/4.7/:/usr/lib/gcc-cross/arm-linux-gnueabi/4.7/../../../../arm-linux-gnueabi/lib/:/lib/:/usr/lib/
COLLECT_GCC_OPTIONS='-v' '-o' 'cmTC_58446' '-rdynamic' '-march=armv5t' '-mfloat-abi=soft' '-mtls-dialect=gnu'
 /usr/lib/gcc-cross/arm-linux-gnueabi/4.7/collect2 --sysroot=/ --build-id --eh-frame-hdr -export-dynamic -dynamic-linker /lib/ld-linux.so.3 -X --hash-style=gnu --as-needed -m armelf_linux_eabi -z relro -o cmTC_58446 /usr/lib/gcc-cross/arm-linux-gnueabi/4.7/../../../../arm-linux-gnueabi/lib/../lib/crt1.o /usr/lib/gcc-cross/arm-linux-gnueabi/4.7/../../../../arm-linux-gnueabi/lib/../lib/crti.o /usr/lib/gcc-cross/arm-linux-gnueabi/4.7/crtbegin.o -L/usr/lib/gcc-cross/arm-linux-gnueabi/4.7/../../../../arm-linux-gnueabi/lib/../lib -L/lib/../lib -L/usr/lib/../lib -L/usr/lib/gcc-cross/arm-linux-gnueabi/4.7 -L/usr/lib/gcc-cross/arm-linux-gnueabi/4.7/../../../../arm-linux-gnueabi/lib CMakeFiles/cmTC_58446.dir/CMakeCCompilerABI.c.o -lgcc --as-needed -lgcc_s --no-as-needed -lc -lgcc --as-needed -lgcc_s --no-as-needed /usr/lib/gcc-cross/arm-linux-gnueabi/4.7/crtend.o /usr/lib/gcc-cross/arm-linux-gnueabi/4.7/../../../../arm-linux-gnueabi/lib/../lib/crtn.o
make[1]: Leaving directory '/media/psf/Home/Desktop/workspace/amazon/avs_2rd/sdk-folder/sdk-build/CMakeFiles/CMakeTmp'


Parsed C implicit link information from above output:
  link line regex: [^( *|.*[/\])(arm-linux-androideabi-ld|([^/\]+-)?ld|collect2)[^/\]*( |$)]
  ignore line: [Change Dir: /home/junlon2006/workspace/amazon/avs_2rd/sdk-folder/sdk-build/CMakeFiles/CMakeTmp]
  ignore line: []
  ignore line: [Run Build Command:"/usr/bin/make" "cmTC_58446/fast"]
  ignore line: [/usr/bin/make -f CMakeFiles/cmTC_58446.dir/build.make CMakeFiles/cmTC_58446.dir/build]
  ignore line: [make[1]: Entering directory '/media/psf/Home/Desktop/workspace/amazon/avs_2rd/sdk-folder/sdk-build/CMakeFiles/CMakeTmp']
  ignore line: [/usr/bin/cmake: /usr/local/lib/libcurl.so.4: no version information available (required by /usr/bin/cmake)]
  ignore line: [Building C object CMakeFiles/cmTC_58446.dir/CMakeCCompilerABI.c.o]
  ignore line: [/usr/bin/arm-linux-gnueabi-gcc-4.7     -o CMakeFiles/cmTC_58446.dir/CMakeCCompilerABI.c.o   -c /usr/share/cmake-3.5/Modules/CMakeCCompilerABI.c]
  ignore line: [/usr/bin/cmake: /usr/local/lib/libcurl.so.4: no version information available (required by /usr/bin/cmake)]
  ignore line: [Linking C executable cmTC_58446]
  ignore line: [/usr/bin/cmake -E cmake_link_script CMakeFiles/cmTC_58446.dir/link.txt --verbose=1]
  ignore line: [/usr/bin/cmake: /usr/local/lib/libcurl.so.4: no version information available (required by /usr/bin/cmake)]
  ignore line: [/usr/bin/arm-linux-gnueabi-gcc-4.7      -v CMakeFiles/cmTC_58446.dir/CMakeCCompilerABI.c.o  -o cmTC_58446 -rdynamic  ]
  ignore line: [Using built-in specs.]
  ignore line: [COLLECT_GCC=/usr/bin/arm-linux-gnueabi-gcc-4.7]
  ignore line: [COLLECT_LTO_WRAPPER=/usr/lib/gcc-cross/arm-linux-gnueabi/4.7/lto-wrapper]
  ignore line: [Target: arm-linux-gnueabi]
  ignore line: [Configured with: ../src/configure -v --with-pkgversion='Ubuntu/Linaro 4.7.3-12ubuntu1' --with-bugurl=file:///usr/share/doc/gcc-4.7/README.Bugs --enable-languages=c,c++,go,fortran,objc,obj-c++ --prefix=/usr --program-suffix=-4.7 --enable-shared --enable-linker-build-id --libexecdir=/usr/lib --without-included-gettext --enable-threads=posix --with-gxx-include-dir=/usr/arm-linux-gnueabi/include/c++/4.7.3 --libdir=/usr/lib --enable-nls --with-sysroot=/ --enable-clocale=gnu --enable-libstdcxx-debug --enable-gnu-unique-object --disable-libmudflap --disable-libitm --enable-plugin --with-system-zlib --enable-objc-gc --with-cloog --enable-cloog-backend=ppl --disable-cloog-version-check --disable-ppl-version-check --enable-multiarch --enable-multilib --disable-sjlj-exceptions --with-arch=armv5t --with-float=soft --disable-werror --enable-checking=release --build=x86_64-linux-gnu --host=x86_64-linux-gnu --target=arm-linux-gnueabi --program-prefix=arm-linux-gnueabi- --includedir=/usr/arm-linux-gnueabi/include]
  ignore line: [Thread model: posix]
  ignore line: [gcc version 4.7.3 (Ubuntu/Linaro 4.7.3-12ubuntu1) ]
  ignore line: [COMPILER_PATH=/usr/lib/gcc-cross/arm-linux-gnueabi/4.7/:/usr/lib/gcc-cross/arm-linux-gnueabi/4.7/:/usr/lib/gcc-cross/arm-linux-gnueabi/:/usr/lib/gcc-cross/arm-linux-gnueabi/4.7/:/usr/lib/gcc-cross/arm-linux-gnueabi/:/usr/lib/gcc-cross/arm-linux-gnueabi/4.7/../../../../arm-linux-gnueabi/bin/]
  ignore line: [LIBRARY_PATH=/usr/lib/gcc-cross/arm-linux-gnueabi/4.7/../../../../arm-linux-gnueabi/lib/../lib/:/lib/../lib/:/usr/lib/../lib/:/usr/lib/gcc-cross/arm-linux-gnueabi/4.7/:/usr/lib/gcc-cross/arm-linux-gnueabi/4.7/../../../../arm-linux-gnueabi/lib/:/lib/:/usr/lib/]
  ignore line: [COLLECT_GCC_OPTIONS='-v' '-o' 'cmTC_58446' '-rdynamic' '-march=armv5t' '-mfloat-abi=soft' '-mtls-dialect=gnu']
  link line: [ /usr/lib/gcc-cross/arm-linux-gnueabi/4.7/collect2 --sysroot=/ --build-id --eh-frame-hdr -export-dynamic -dynamic-linker /lib/ld-linux.so.3 -X --hash-style=gnu --as-needed -m armelf_linux_eabi -z relro -o cmTC_58446 /usr/lib/gcc-cross/arm-linux-gnueabi/4.7/../../../../arm-linux-gnueabi/lib/../lib/crt1.o /usr/lib/gcc-cross/arm-linux-gnueabi/4.7/../../../../arm-linux-gnueabi/lib/../lib/crti.o /usr/lib/gcc-cross/arm-linux-gnueabi/4.7/crtbegin.o -L/usr/lib/gcc-cross/arm-linux-gnueabi/4.7/../../../../arm-linux-gnueabi/lib/../lib -L/lib/../lib -L/usr/lib/../lib -L/usr/lib/gcc-cross/arm-linux-gnueabi/4.7 -L/usr/lib/gcc-cross/arm-linux-gnueabi/4.7/../../../../arm-linux-gnueabi/lib CMakeFiles/cmTC_58446.dir/CMakeCCompilerABI.c.o -lgcc --as-needed -lgcc_s --no-as-needed -lc -lgcc --as-needed -lgcc_s --no-as-needed /usr/lib/gcc-cross/arm-linux-gnueabi/4.7/crtend.o /usr/lib/gcc-cross/arm-linux-gnueabi/4.7/../../../../arm-linux-gnueabi/lib/../lib/crtn.o]
    arg [/usr/lib/gcc-cross/arm-linux-gnueabi/4.7/collect2] ==> ignore
    arg [--sysroot=/] ==> ignore
    arg [--build-id] ==> ignore
    arg [--eh-frame-hdr] ==> ignore
    arg [-export-dynamic] ==> ignore
    arg [-dynamic-linker] ==> ignore
    arg [/lib/ld-linux.so.3] ==> ignore
    arg [-X] ==> ignore
    arg [--hash-style=gnu] ==> ignore
    arg [--as-needed] ==> ignore
    arg [-m] ==> ignore
    arg [armelf_linux_eabi] ==> ignore
    arg [-zrelro] ==> ignore
    arg [-o] ==> ignore
    arg [cmTC_58446] ==> ignore
    arg [/usr/lib/gcc-cross/arm-linux-gnueabi/4.7/../../../../arm-linux-gnueabi/lib/../lib/crt1.o] ==> ignore
    arg [/usr/lib/gcc-cross/arm-linux-gnueabi/4.7/../../../../arm-linux-gnueabi/lib/../lib/crti.o] ==> ignore
    arg [/usr/lib/gcc-cross/arm-linux-gnueabi/4.7/crtbegin.o] ==> ignore
    arg [-L/usr/lib/gcc-cross/arm-linux-gnueabi/4.7/../../../../arm-linux-gnueabi/lib/../lib] ==> dir [/usr/lib/gcc-cross/arm-linux-gnueabi/4.7/../../../../arm-linux-gnueabi/lib/../lib]
    arg [-L/lib/../lib] ==> dir [/lib/../lib]
    arg [-L/usr/lib/../lib] ==> dir [/usr/lib/../lib]
    arg [-L/usr/lib/gcc-cross/arm-linux-gnueabi/4.7] ==> dir [/usr/lib/gcc-cross/arm-linux-gnueabi/4.7]
    arg [-L/usr/lib/gcc-cross/arm-linux-gnueabi/4.7/../../../../arm-linux-gnueabi/lib] ==> dir [/usr/lib/gcc-cross/arm-linux-gnueabi/4.7/../../../../arm-linux-gnueabi/lib]
    arg [CMakeFiles/cmTC_58446.dir/CMakeCCompilerABI.c.o] ==> ignore
    arg [-lgcc] ==> lib [gcc]
    arg [--as-needed] ==> ignore
    arg [-lgcc_s] ==> lib [gcc_s]
    arg [--no-as-needed] ==> ignore
    arg [-lc] ==> lib [c]
    arg [-lgcc] ==> lib [gcc]
    arg [--as-needed] ==> ignore
    arg [-lgcc_s] ==> lib [gcc_s]
    arg [--no-as-needed] ==> ignore
    arg [/usr/lib/gcc-cross/arm-linux-gnueabi/4.7/crtend.o] ==> ignore
    arg [/usr/lib/gcc-cross/arm-linux-gnueabi/4.7/../../../../arm-linux-gnueabi/lib/../lib/crtn.o] ==> ignore
  remove lib [gcc]
  remove lib [gcc_s]
  remove lib [gcc]
  remove lib [gcc_s]
  collapse library dir [/usr/lib/gcc-cross/arm-linux-gnueabi/4.7/../../../../arm-linux-gnueabi/lib/../lib] ==> [/usr/arm-linux-gnueabi/lib]
  collapse library dir [/lib/../lib] ==> [/lib]
  collapse library dir [/usr/lib/../lib] ==> [/usr/lib]
  collapse library dir [/usr/lib/gcc-cross/arm-linux-gnueabi/4.7] ==> [/usr/lib/gcc-cross/arm-linux-gnueabi/4.7]
  collapse library dir [/usr/lib/gcc-cross/arm-linux-gnueabi/4.7/../../../../arm-linux-gnueabi/lib] ==> [/usr/arm-linux-gnueabi/lib]
  implicit libs: [c]
  implicit dirs: [/usr/arm-linux-gnueabi/lib;/lib;/usr/lib;/usr/lib/gcc-cross/arm-linux-gnueabi/4.7]
  implicit fwks: []




Detecting C [-std=c11] compiler features compiled with the following output:
Change Dir: /home/junlon2006/workspace/amazon/avs_2rd/sdk-folder/sdk-build/CMakeFiles/CMakeTmp

Run Build Command:"/usr/bin/make" "cmTC_6cba9/fast"
/usr/bin/make -f CMakeFiles/cmTC_6cba9.dir/build.make CMakeFiles/cmTC_6cba9.dir/build
make[1]: Entering directory '/media/psf/Home/Desktop/workspace/amazon/avs_2rd/sdk-folder/sdk-build/CMakeFiles/CMakeTmp'
/usr/bin/cmake: /usr/local/lib/libcurl.so.4: no version information available (required by /usr/bin/cmake)
Building C object CMakeFiles/cmTC_6cba9.dir/feature_tests.c.o
/usr/bin/arm-linux-gnueabi-gcc-4.7    -std=c11 -o CMakeFiles/cmTC_6cba9.dir/feature_tests.c.o   -c /home/junlon2006/workspace/amazon/avs_2rd/sdk-folder/sdk-build/CMakeFiles/feature_tests.c
/usr/bin/cmake: /usr/local/lib/libcurl.so.4: no version information available (required by /usr/bin/cmake)
Linking C executable cmTC_6cba9
/usr/bin/cmake -E cmake_link_script CMakeFiles/cmTC_6cba9.dir/link.txt --verbose=1
/usr/bin/cmake: /usr/local/lib/libcurl.so.4: no version information available (required by /usr/bin/cmake)
/usr/bin/arm-linux-gnueabi-gcc-4.7       CMakeFiles/cmTC_6cba9.dir/feature_tests.c.o  -o cmTC_6cba9 -rdynamic 
make[1]: Leaving directory '/media/psf/Home/Desktop/workspace/amazon/avs_2rd/sdk-folder/sdk-build/CMakeFiles/CMakeTmp'


    Feature record: C_FEATURE:1c_function_prototypes
    Feature record: C_FEATURE:1c_restrict
    Feature record: C_FEATURE:1c_static_assert
    Feature record: C_FEATURE:1c_variadic_macros


Detecting C [-std=c99] compiler features compiled with the following output:
Change Dir: /home/junlon2006/workspace/amazon/avs_2rd/sdk-folder/sdk-build/CMakeFiles/CMakeTmp

Run Build Command:"/usr/bin/make" "cmTC_3c206/fast"
/usr/bin/make -f CMakeFiles/cmTC_3c206.dir/build.make CMakeFiles/cmTC_3c206.dir/build
make[1]: Entering directory '/media/psf/Home/Desktop/workspace/amazon/avs_2rd/sdk-folder/sdk-build/CMakeFiles/CMakeTmp'
/usr/bin/cmake: /usr/local/lib/libcurl.so.4: no version information available (required by /usr/bin/cmake)
Building C object CMakeFiles/cmTC_3c206.dir/feature_tests.c.o
/usr/bin/arm-linux-gnueabi-gcc-4.7    -std=c99 -o CMakeFiles/cmTC_3c206.dir/feature_tests.c.o   -c /home/junlon2006/workspace/amazon/avs_2rd/sdk-folder/sdk-build/CMakeFiles/feature_tests.c
/usr/bin/cmake: /usr/local/lib/libcurl.so.4: no version information available (required by /usr/bin/cmake)
Linking C executable cmTC_3c206
/usr/bin/cmake -E cmake_link_script CMakeFiles/cmTC_3c206.dir/link.txt --verbose=1
/usr/bin/cmake: /usr/local/lib/libcurl.so.4: no version information available (required by /usr/bin/cmake)
/usr/bin/arm-linux-gnueabi-gcc-4.7       CMakeFiles/cmTC_3c206.dir/feature_tests.c.o  -o cmTC_3c206 -rdynamic 
make[1]: Leaving directory '/media/psf/Home/Desktop/workspace/amazon/avs_2rd/sdk-folder/sdk-build/CMakeFiles/CMakeTmp'


    Feature record: C_FEATURE:1c_function_prototypes
    Feature record: C_FEATURE:1c_restrict
    Feature record: C_FEATURE:0c_static_assert
    Feature record: C_FEATURE:1c_variadic_macros


Detecting C [-std=c90] compiler features compiled with the following output:
Change Dir: /home/junlon2006/workspace/amazon/avs_2rd/sdk-folder/sdk-build/CMakeFiles/CMakeTmp

Run Build Command:"/usr/bin/make" "cmTC_4d6f0/fast"
/usr/bin/make -f CMakeFiles/cmTC_4d6f0.dir/build.make CMakeFiles/cmTC_4d6f0.dir/build
make[1]: Entering directory '/media/psf/Home/Desktop/workspace/amazon/avs_2rd/sdk-folder/sdk-build/CMakeFiles/CMakeTmp'
/usr/bin/cmake: /usr/local/lib/libcurl.so.4: no version information available (required by /usr/bin/cmake)
Building C object CMakeFiles/cmTC_4d6f0.dir/feature_tests.c.o
/usr/bin/arm-linux-gnueabi-gcc-4.7    -std=c90 -o CMakeFiles/cmTC_4d6f0.dir/feature_tests.c.o   -c /home/junlon2006/workspace/amazon/avs_2rd/sdk-folder/sdk-build/CMakeFiles/feature_tests.c
/usr/bin/cmake: /usr/local/lib/libcurl.so.4: no version information available (required by /usr/bin/cmake)
Linking C executable cmTC_4d6f0
/usr/bin/cmake -E cmake_link_script CMakeFiles/cmTC_4d6f0.dir/link.txt --verbose=1
/usr/bin/cmake: /usr/local/lib/libcurl.so.4: no version information available (required by /usr/bin/cmake)
/usr/bin/arm-linux-gnueabi-gcc-4.7       CMakeFiles/cmTC_4d6f0.dir/feature_tests.c.o  -o cmTC_4d6f0 -rdynamic 
make[1]: Leaving directory '/media/psf/Home/Desktop/workspace/amazon/avs_2rd/sdk-folder/sdk-build/CMakeFiles/CMakeTmp'


    Feature record: C_FEATURE:1c_function_prototypes
    Feature record: C_FEATURE:0c_restrict
    Feature record: C_FEATURE:0c_static_assert
    Feature record: C_FEATURE:0c_variadic_macros
Determining if the include file pthread.h exists passed with the following output:
Change Dir: /home/junlon2006/workspace/amazon/avs_2rd/sdk-folder/sdk-build/CMakeFiles/CMakeTmp

Run Build Command:"/usr/bin/make" "cmTC_2b706/fast"
/usr/bin/make -f CMakeFiles/cmTC_2b706.dir/build.make CMakeFiles/cmTC_2b706.dir/build
make[1]: Entering directory '/media/psf/Home/Desktop/workspace/amazon/avs_2rd/sdk-folder/sdk-build/CMakeFiles/CMakeTmp'
/usr/bin/cmake: /usr/local/lib/libcurl.so.4: no version information available (required by /usr/bin/cmake)
Building C object CMakeFiles/cmTC_2b706.dir/CheckIncludeFile.c.o
/usr/bin/arm-linux-gnueabi-gcc-4.7     -o CMakeFiles/cmTC_2b706.dir/CheckIncludeFile.c.o   -c /home/junlon2006/workspace/amazon/avs_2rd/sdk-folder/sdk-build/CMakeFiles/CMakeTmp/CheckIncludeFile.c
/usr/bin/cmake: /usr/local/lib/libcurl.so.4: no version information available (required by /usr/bin/cmake)
Linking C executable cmTC_2b706
/usr/bin/cmake -E cmake_link_script CMakeFiles/cmTC_2b706.dir/link.txt --verbose=1
/usr/bin/cmake: /usr/local/lib/libcurl.so.4: no version information available (required by /usr/bin/cmake)
/usr/bin/arm-linux-gnueabi-gcc-4.7       CMakeFiles/cmTC_2b706.dir/CheckIncludeFile.c.o  -o cmTC_2b706 -rdynamic 
make[1]: Leaving directory '/media/psf/Home/Desktop/workspace/amazon/avs_2rd/sdk-folder/sdk-build/CMakeFiles/CMakeTmp'


Determining if the function pthread_create exists in the pthread passed with the following output:
Change Dir: /home/junlon2006/workspace/amazon/avs_2rd/sdk-folder/sdk-build/CMakeFiles/CMakeTmp

Run Build Command:"/usr/bin/make" "cmTC_3fbae/fast"
/usr/bin/make -f CMakeFiles/cmTC_3fbae.dir/build.make CMakeFiles/cmTC_3fbae.dir/build
make[1]: Entering directory '/media/psf/Home/Desktop/workspace/amazon/avs_2rd/sdk-folder/sdk-build/CMakeFiles/CMakeTmp'
/usr/bin/cmake: /usr/local/lib/libcurl.so.4: no version information available (required by /usr/bin/cmake)
Building C object CMakeFiles/cmTC_3fbae.dir/CheckFunctionExists.c.o
/usr/bin/arm-linux-gnueabi-gcc-4.7    -DCHECK_FUNCTION_EXISTS=pthread_create   -o CMakeFiles/cmTC_3fbae.dir/CheckFunctionExists.c.o   -c /usr/share/cmake-3.5/Modules/CheckFunctionExists.c
/usr/bin/cmake: /usr/local/lib/libcurl.so.4: no version information available (required by /usr/bin/cmake)
Linking C executable cmTC_3fbae
/usr/bin/cmake -E cmake_link_script CMakeFiles/cmTC_3fbae.dir/link.txt --verbose=1
/usr/bin/cmake: /usr/local/lib/libcurl.so.4: no version information available (required by /usr/bin/cmake)
/usr/bin/arm-linux-gnueabi-gcc-4.7   -DCHECK_FUNCTION_EXISTS=pthread_create    CMakeFiles/cmTC_3fbae.dir/CheckFunctionExists.c.o  -o cmTC_3fbae -rdynamic -lpthread 
make[1]: Leaving directory '/media/psf/Home/Desktop/workspace/amazon/avs_2rd/sdk-folder/sdk-build/CMakeFiles/CMakeTmp'


